{"c50d174f48042168a2f117d5f39d2175":{"statistic":{"failed":0,"broken":2,"skipped":0,"passed":52,"unknown":0,"total":54},"items":[{"uid":"6caba03853a03f4b","reportUrl":"../61/index.html#testresult/6caba03853a03f4b","status":"passed","time":{"start":1683029478194,"stop":1683029480358,"duration":2164}},{"uid":"ff694ee605d8a55a","reportUrl":"../60/index.html#testresult/ff694ee605d8a55a","status":"passed","time":{"start":1683029478194,"stop":1683029480358,"duration":2164}},{"uid":"6a1d0a2f4c132dbb","reportUrl":"../59/index.html#testresult/6a1d0a2f4c132dbb","status":"passed","time":{"start":1683029478194,"stop":1683029480358,"duration":2164}},{"uid":"7baa772ca6f0affd","reportUrl":"../58/index.html#testresult/7baa772ca6f0affd","status":"passed","time":{"start":1683029115619,"stop":1683029117816,"duration":2197}},{"uid":"ec899462fafb8dbd","reportUrl":"../57/index.html#testresult/ec899462fafb8dbd","status":"passed","time":{"start":1683029115619,"stop":1683029117816,"duration":2197}},{"uid":"505149e91d9d6543","reportUrl":"../56/index.html#testresult/505149e91d9d6543","status":"passed","time":{"start":1683029115619,"stop":1683029117816,"duration":2197}},{"uid":"9881f2f1513d4ca6","reportUrl":"../55/index.html#testresult/9881f2f1513d4ca6","status":"passed","time":{"start":1683029115619,"stop":1683029117816,"duration":2197}},{"uid":"1e1e777256ab7460","reportUrl":"../54/index.html#testresult/1e1e777256ab7460","status":"passed","time":{"start":1683028788149,"stop":1683028791365,"duration":3216}},{"uid":"124c440eb5276140","reportUrl":"../53/index.html#testresult/124c440eb5276140","status":"passed","time":{"start":1683028788149,"stop":1683028791365,"duration":3216}},{"uid":"9fd19f6d10162b0d","reportUrl":"../52/index.html#testresult/9fd19f6d10162b0d","status":"passed","time":{"start":1683028788149,"stop":1683028791365,"duration":3216}},{"uid":"9f6b40fb2b6a7621","reportUrl":"../51/index.html#testresult/9f6b40fb2b6a7621","status":"passed","time":{"start":1683028788149,"stop":1683028791365,"duration":3216}},{"uid":"90ff842542811d46","reportUrl":"../50/index.html#testresult/90ff842542811d46","status":"passed","time":{"start":1683009246328,"stop":1683009248961,"duration":2633}},{"uid":"e11df4aeb793e63b","reportUrl":"../49/index.html#testresult/e11df4aeb793e63b","status":"passed","time":{"start":1683009246328,"stop":1683009248961,"duration":2633}},{"uid":"7b6a1729303395de","reportUrl":"../48/index.html#testresult/7b6a1729303395de","status":"passed","time":{"start":1683009246328,"stop":1683009248961,"duration":2633}},{"uid":"a7a9ad89ced8e94e","reportUrl":"../47/index.html#testresult/a7a9ad89ced8e94e","status":"passed","time":{"start":1683009246328,"stop":1683009248961,"duration":2633}},{"uid":"d6ee61b1f59236fd","reportUrl":"../46/index.html#testresult/d6ee61b1f59236fd","status":"passed","time":{"start":1682661402512,"stop":1682661405345,"duration":2833}},{"uid":"2fa8f2d67a9a165d","reportUrl":"../45/index.html#testresult/2fa8f2d67a9a165d","status":"passed","time":{"start":1682591131361,"stop":1682591134180,"duration":2819}},{"uid":"6ad0f83b761c8493","reportUrl":"../44/index.html#testresult/6ad0f83b761c8493","status":"passed","time":{"start":1682591131361,"stop":1682591134180,"duration":2819}},{"uid":"fc152123ae4178ab","reportUrl":"../43/index.html#testresult/fc152123ae4178ab","status":"passed","time":{"start":1682591131361,"stop":1682591134180,"duration":2819}},{"uid":"8be286914dcf2bbe","reportUrl":"../42/index.html#testresult/8be286914dcf2bbe","status":"passed","time":{"start":1682591131361,"stop":1682591134180,"duration":2819}}]},"38b70069ad62e9534a833665097aca62":{"statistic":{"failed":0,"broken":33,"skipped":0,"passed":17,"unknown":0,"total":50},"items":[{"uid":"6e4f86dbadc56e51","reportUrl":"../61/index.html#testresult/6e4f86dbadc56e51","status":"broken","statusDetails":"no such element: Unable to locate element: {\"method\":\"xpath\",\"selector\":\"//a[@clas='nav-link']\"}\n  (Session info: chrome=112.0.5615.165)\nFor documentation on this error, please visit: https://selenium.dev/exceptions/#no_such_element\nBuild info: version: '4.8.3', revision: 'e5e76298c3'\nSystem info: os.name: 'Linux', os.arch: 'amd64', os.version: '5.19.0-41-generic', java.version: '11.0.18'\nDriver info: org.openqa.selenium.chrome.ChromeDriver\nCommand: [66d0ee5afdbbe5d35561f6e4fb7f6925, findElement {using=xpath, value=//a[@clas='nav-link']}]\nCapabilities {acceptInsecureCerts: false, browserName: chrome, browserVersion: 112.0.5615.165, chrome: {chromedriverVersion: 112.0.5615.49 (bd2a7bcb881c..., userDataDir: /tmp/.com.google.Chrome.XHf6GC}, goog:chromeOptions: {debuggerAddress: localhost:46767}, networkConnectionEnabled: false, pageLoadStrategy: normal, platformName: LINUX, proxy: Proxy(), se:cdp: ws://localhost:46767/devtoo..., se:cdpVersion: 112.0.5615.165, setWindowRect: true, strictFileInteractability: false, timeouts: {implicit: 0, pageLoad: 300000, script: 30000}, unhandledPromptBehavior: dismiss and notify, webauthn:extension:credBlob: true, webauthn:extension:largeBlob: true, webauthn:extension:minPinLength: true, webauthn:extension:prf: true, webauthn:virtualAuthenticators: true}\nSession ID: 66d0ee5afdbbe5d35561f6e4fb7f6925","time":{"start":1683029482004,"stop":1683029499831,"duration":17827}},{"uid":"e81e44c4ba91d168","reportUrl":"../60/index.html#testresult/e81e44c4ba91d168","status":"broken","statusDetails":"no such element: Unable to locate element: {\"method\":\"xpath\",\"selector\":\"//a[@clas='nav-link']\"}\n  (Session info: chrome=112.0.5615.165)\nFor documentation on this error, please visit: https://selenium.dev/exceptions/#no_such_element\nBuild info: version: '4.8.3', revision: 'e5e76298c3'\nSystem info: os.name: 'Linux', os.arch: 'amd64', os.version: '5.19.0-41-generic', java.version: '11.0.18'\nDriver info: org.openqa.selenium.chrome.ChromeDriver\nCommand: [b25b194933e87e9ffedbff67d9b84d20, findElement {using=xpath, value=//a[@clas='nav-link']}]\nCapabilities {acceptInsecureCerts: false, browserName: chrome, browserVersion: 112.0.5615.165, chrome: {chromedriverVersion: 112.0.5615.49 (bd2a7bcb881c..., userDataDir: /tmp/.com.google.Chrome.otcNsy}, goog:chromeOptions: {debuggerAddress: localhost:43077}, networkConnectionEnabled: false, pageLoadStrategy: normal, platformName: LINUX, proxy: Proxy(), se:cdp: ws://localhost:43077/devtoo..., se:cdpVersion: 112.0.5615.165, setWindowRect: true, strictFileInteractability: false, timeouts: {implicit: 0, pageLoad: 300000, script: 30000}, unhandledPromptBehavior: dismiss and notify, webauthn:extension:credBlob: true, webauthn:extension:largeBlob: true, webauthn:extension:minPinLength: true, webauthn:extension:prf: true, webauthn:virtualAuthenticators: true}\nSession ID: b25b194933e87e9ffedbff67d9b84d20","time":{"start":1683029119707,"stop":1683029136743,"duration":17036}},{"uid":"eb1854dceb4bc359","reportUrl":"../59/index.html#testresult/eb1854dceb4bc359","status":"broken","statusDetails":"no such element: Unable to locate element: {\"method\":\"xpath\",\"selector\":\"//a[@clas='nav-link']\"}\n  (Session info: chrome=112.0.5615.165)\nFor documentation on this error, please visit: https://selenium.dev/exceptions/#no_such_element\nBuild info: version: '4.8.3', revision: 'e5e76298c3'\nSystem info: os.name: 'Linux', os.arch: 'amd64', os.version: '5.19.0-41-generic', java.version: '11.0.18'\nDriver info: org.openqa.selenium.chrome.ChromeDriver\nCommand: [b25b194933e87e9ffedbff67d9b84d20, findElement {using=xpath, value=//a[@clas='nav-link']}]\nCapabilities {acceptInsecureCerts: false, browserName: chrome, browserVersion: 112.0.5615.165, chrome: {chromedriverVersion: 112.0.5615.49 (bd2a7bcb881c..., userDataDir: /tmp/.com.google.Chrome.otcNsy}, goog:chromeOptions: {debuggerAddress: localhost:43077}, networkConnectionEnabled: false, pageLoadStrategy: normal, platformName: LINUX, proxy: Proxy(), se:cdp: ws://localhost:43077/devtoo..., se:cdpVersion: 112.0.5615.165, setWindowRect: true, strictFileInteractability: false, timeouts: {implicit: 0, pageLoad: 300000, script: 30000}, unhandledPromptBehavior: dismiss and notify, webauthn:extension:credBlob: true, webauthn:extension:largeBlob: true, webauthn:extension:minPinLength: true, webauthn:extension:prf: true, webauthn:virtualAuthenticators: true}\nSession ID: b25b194933e87e9ffedbff67d9b84d20","time":{"start":1683029119707,"stop":1683029136743,"duration":17036}},{"uid":"d99cba517be2cdd1","reportUrl":"../58/index.html#testresult/d99cba517be2cdd1","status":"broken","statusDetails":"no such element: Unable to locate element: {\"method\":\"xpath\",\"selector\":\"//a[@clas='nav-link']\"}\n  (Session info: chrome=112.0.5615.165)\nFor documentation on this error, please visit: https://selenium.dev/exceptions/#no_such_element\nBuild info: version: '4.8.3', revision: 'e5e76298c3'\nSystem info: os.name: 'Linux', os.arch: 'amd64', os.version: '5.19.0-41-generic', java.version: '11.0.18'\nDriver info: org.openqa.selenium.chrome.ChromeDriver\nCommand: [b25b194933e87e9ffedbff67d9b84d20, findElement {using=xpath, value=//a[@clas='nav-link']}]\nCapabilities {acceptInsecureCerts: false, browserName: chrome, browserVersion: 112.0.5615.165, chrome: {chromedriverVersion: 112.0.5615.49 (bd2a7bcb881c..., userDataDir: /tmp/.com.google.Chrome.otcNsy}, goog:chromeOptions: {debuggerAddress: localhost:43077}, networkConnectionEnabled: false, pageLoadStrategy: normal, platformName: LINUX, proxy: Proxy(), se:cdp: ws://localhost:43077/devtoo..., se:cdpVersion: 112.0.5615.165, setWindowRect: true, strictFileInteractability: false, timeouts: {implicit: 0, pageLoad: 300000, script: 30000}, unhandledPromptBehavior: dismiss and notify, webauthn:extension:credBlob: true, webauthn:extension:largeBlob: true, webauthn:extension:minPinLength: true, webauthn:extension:prf: true, webauthn:virtualAuthenticators: true}\nSession ID: b25b194933e87e9ffedbff67d9b84d20","time":{"start":1683029119707,"stop":1683029136743,"duration":17036}},{"uid":"8d1618fa621b2cb","reportUrl":"../57/index.html#testresult/8d1618fa621b2cb","status":"broken","statusDetails":"no such element: Unable to locate element: {\"method\":\"xpath\",\"selector\":\"//a[@clas='nav-link']\"}\n  (Session info: chrome=112.0.5615.165)\nFor documentation on this error, please visit: https://selenium.dev/exceptions/#no_such_element\nBuild info: version: '4.8.3', revision: 'e5e76298c3'\nSystem info: os.name: 'Linux', os.arch: 'amd64', os.version: '5.19.0-41-generic', java.version: '11.0.18'\nDriver info: org.openqa.selenium.chrome.ChromeDriver\nCommand: [b25b194933e87e9ffedbff67d9b84d20, findElement {using=xpath, value=//a[@clas='nav-link']}]\nCapabilities {acceptInsecureCerts: false, browserName: chrome, browserVersion: 112.0.5615.165, chrome: {chromedriverVersion: 112.0.5615.49 (bd2a7bcb881c..., userDataDir: /tmp/.com.google.Chrome.otcNsy}, goog:chromeOptions: {debuggerAddress: localhost:43077}, networkConnectionEnabled: false, pageLoadStrategy: normal, platformName: LINUX, proxy: Proxy(), se:cdp: ws://localhost:43077/devtoo..., se:cdpVersion: 112.0.5615.165, setWindowRect: true, strictFileInteractability: false, timeouts: {implicit: 0, pageLoad: 300000, script: 30000}, unhandledPromptBehavior: dismiss and notify, webauthn:extension:credBlob: true, webauthn:extension:largeBlob: true, webauthn:extension:minPinLength: true, webauthn:extension:prf: true, webauthn:virtualAuthenticators: true}\nSession ID: b25b194933e87e9ffedbff67d9b84d20","time":{"start":1683029119707,"stop":1683029136743,"duration":17036}},{"uid":"9641c1d346ba2fa7","reportUrl":"../56/index.html#testresult/9641c1d346ba2fa7","status":"broken","statusDetails":"no such element: Unable to locate element: {\"method\":\"xpath\",\"selector\":\"//a[@clas='nav-link']\"}\n  (Session info: chrome=112.0.5615.165)\nFor documentation on this error, please visit: https://selenium.dev/exceptions/#no_such_element\nBuild info: version: '4.8.3', revision: 'e5e76298c3'\nSystem info: os.name: 'Linux', os.arch: 'amd64', os.version: '5.19.0-41-generic', java.version: '11.0.18'\nDriver info: org.openqa.selenium.chrome.ChromeDriver\nCommand: [627262c0e85214544c0d2b9821c2eadf, findElement {using=xpath, value=//a[@clas='nav-link']}]\nCapabilities {acceptInsecureCerts: false, browserName: chrome, browserVersion: 112.0.5615.165, chrome: {chromedriverVersion: 112.0.5615.49 (bd2a7bcb881c..., userDataDir: /tmp/.com.google.Chrome.qW5KUt}, goog:chromeOptions: {debuggerAddress: localhost:40637}, networkConnectionEnabled: false, pageLoadStrategy: normal, platformName: LINUX, proxy: Proxy(), se:cdp: ws://localhost:40637/devtoo..., se:cdpVersion: 112.0.5615.165, setWindowRect: true, strictFileInteractability: false, timeouts: {implicit: 0, pageLoad: 300000, script: 30000}, unhandledPromptBehavior: dismiss and notify, webauthn:extension:credBlob: true, webauthn:extension:largeBlob: true, webauthn:extension:minPinLength: true, webauthn:extension:prf: true, webauthn:virtualAuthenticators: true}\nSession ID: 627262c0e85214544c0d2b9821c2eadf","time":{"start":1683028793349,"stop":1683028811749,"duration":18400}},{"uid":"7ed32c11a99071e2","reportUrl":"../55/index.html#testresult/7ed32c11a99071e2","status":"broken","statusDetails":"no such element: Unable to locate element: {\"method\":\"xpath\",\"selector\":\"//a[@clas='nav-link']\"}\n  (Session info: chrome=112.0.5615.165)\nFor documentation on this error, please visit: https://selenium.dev/exceptions/#no_such_element\nBuild info: version: '4.8.3', revision: 'e5e76298c3'\nSystem info: os.name: 'Linux', os.arch: 'amd64', os.version: '5.19.0-41-generic', java.version: '11.0.18'\nDriver info: org.openqa.selenium.chrome.ChromeDriver\nCommand: [627262c0e85214544c0d2b9821c2eadf, findElement {using=xpath, value=//a[@clas='nav-link']}]\nCapabilities {acceptInsecureCerts: false, browserName: chrome, browserVersion: 112.0.5615.165, chrome: {chromedriverVersion: 112.0.5615.49 (bd2a7bcb881c..., userDataDir: /tmp/.com.google.Chrome.qW5KUt}, goog:chromeOptions: {debuggerAddress: localhost:40637}, networkConnectionEnabled: false, pageLoadStrategy: normal, platformName: LINUX, proxy: Proxy(), se:cdp: ws://localhost:40637/devtoo..., se:cdpVersion: 112.0.5615.165, setWindowRect: true, strictFileInteractability: false, timeouts: {implicit: 0, pageLoad: 300000, script: 30000}, unhandledPromptBehavior: dismiss and notify, webauthn:extension:credBlob: true, webauthn:extension:largeBlob: true, webauthn:extension:minPinLength: true, webauthn:extension:prf: true, webauthn:virtualAuthenticators: true}\nSession ID: 627262c0e85214544c0d2b9821c2eadf","time":{"start":1683028793349,"stop":1683028811749,"duration":18400}},{"uid":"d04be1a0f9e68bfb","reportUrl":"../54/index.html#testresult/d04be1a0f9e68bfb","status":"broken","statusDetails":"no such element: Unable to locate element: {\"method\":\"xpath\",\"selector\":\"//a[@clas='nav-link']\"}\n  (Session info: chrome=112.0.5615.165)\nFor documentation on this error, please visit: https://selenium.dev/exceptions/#no_such_element\nBuild info: version: '4.8.3', revision: 'e5e76298c3'\nSystem info: os.name: 'Linux', os.arch: 'amd64', os.version: '5.19.0-41-generic', java.version: '11.0.18'\nDriver info: org.openqa.selenium.chrome.ChromeDriver\nCommand: [627262c0e85214544c0d2b9821c2eadf, findElement {using=xpath, value=//a[@clas='nav-link']}]\nCapabilities {acceptInsecureCerts: false, browserName: chrome, browserVersion: 112.0.5615.165, chrome: {chromedriverVersion: 112.0.5615.49 (bd2a7bcb881c..., userDataDir: /tmp/.com.google.Chrome.qW5KUt}, goog:chromeOptions: {debuggerAddress: localhost:40637}, networkConnectionEnabled: false, pageLoadStrategy: normal, platformName: LINUX, proxy: Proxy(), se:cdp: ws://localhost:40637/devtoo..., se:cdpVersion: 112.0.5615.165, setWindowRect: true, strictFileInteractability: false, timeouts: {implicit: 0, pageLoad: 300000, script: 30000}, unhandledPromptBehavior: dismiss and notify, webauthn:extension:credBlob: true, webauthn:extension:largeBlob: true, webauthn:extension:minPinLength: true, webauthn:extension:prf: true, webauthn:virtualAuthenticators: true}\nSession ID: 627262c0e85214544c0d2b9821c2eadf","time":{"start":1683028793349,"stop":1683028811749,"duration":18400}},{"uid":"475912acfdacf8fd","reportUrl":"../53/index.html#testresult/475912acfdacf8fd","status":"broken","statusDetails":"no such element: Unable to locate element: {\"method\":\"xpath\",\"selector\":\"//a[@clas='nav-link']\"}\n  (Session info: chrome=112.0.5615.165)\nFor documentation on this error, please visit: https://selenium.dev/exceptions/#no_such_element\nBuild info: version: '4.8.3', revision: 'e5e76298c3'\nSystem info: os.name: 'Linux', os.arch: 'amd64', os.version: '5.19.0-41-generic', java.version: '11.0.18'\nDriver info: org.openqa.selenium.chrome.ChromeDriver\nCommand: [627262c0e85214544c0d2b9821c2eadf, findElement {using=xpath, value=//a[@clas='nav-link']}]\nCapabilities {acceptInsecureCerts: false, browserName: chrome, browserVersion: 112.0.5615.165, chrome: {chromedriverVersion: 112.0.5615.49 (bd2a7bcb881c..., userDataDir: /tmp/.com.google.Chrome.qW5KUt}, goog:chromeOptions: {debuggerAddress: localhost:40637}, networkConnectionEnabled: false, pageLoadStrategy: normal, platformName: LINUX, proxy: Proxy(), se:cdp: ws://localhost:40637/devtoo..., se:cdpVersion: 112.0.5615.165, setWindowRect: true, strictFileInteractability: false, timeouts: {implicit: 0, pageLoad: 300000, script: 30000}, unhandledPromptBehavior: dismiss and notify, webauthn:extension:credBlob: true, webauthn:extension:largeBlob: true, webauthn:extension:minPinLength: true, webauthn:extension:prf: true, webauthn:virtualAuthenticators: true}\nSession ID: 627262c0e85214544c0d2b9821c2eadf","time":{"start":1683028793349,"stop":1683028811749,"duration":18400}},{"uid":"5528074ef7317715","reportUrl":"../52/index.html#testresult/5528074ef7317715","status":"broken","statusDetails":"no such element: Unable to locate element: {\"method\":\"xpath\",\"selector\":\"//a[@clas='nav-link']\"}\n  (Session info: chrome=112.0.5615.165)\nFor documentation on this error, please visit: https://selenium.dev/exceptions/#no_such_element\nBuild info: version: '4.8.3', revision: 'e5e76298c3'\nSystem info: os.name: 'Linux', os.arch: 'amd64', os.version: '5.19.0-41-generic', java.version: '11.0.18'\nDriver info: org.openqa.selenium.chrome.ChromeDriver\nCommand: [f462ba6a5cdc6dc90e084dd7c22c79b9, findElement {using=xpath, value=//a[@clas='nav-link']}]\nCapabilities {acceptInsecureCerts: false, browserName: chrome, browserVersion: 112.0.5615.165, chrome: {chromedriverVersion: 112.0.5615.49 (bd2a7bcb881c..., userDataDir: /tmp/.com.google.Chrome.ee2hJx}, goog:chromeOptions: {debuggerAddress: localhost:44735}, networkConnectionEnabled: false, pageLoadStrategy: normal, platformName: LINUX, proxy: Proxy(), se:cdp: ws://localhost:44735/devtoo..., se:cdpVersion: 112.0.5615.165, setWindowRect: true, strictFileInteractability: false, timeouts: {implicit: 0, pageLoad: 300000, script: 30000}, unhandledPromptBehavior: dismiss and notify, webauthn:extension:credBlob: true, webauthn:extension:largeBlob: true, webauthn:extension:minPinLength: true, webauthn:extension:prf: true, webauthn:virtualAuthenticators: true}\nSession ID: f462ba6a5cdc6dc90e084dd7c22c79b9","time":{"start":1683009250607,"stop":1683009268758,"duration":18151}},{"uid":"f76fb6a4b78f3bf1","reportUrl":"../51/index.html#testresult/f76fb6a4b78f3bf1","status":"broken","statusDetails":"no such element: Unable to locate element: {\"method\":\"xpath\",\"selector\":\"//a[@clas='nav-link']\"}\n  (Session info: chrome=112.0.5615.165)\nFor documentation on this error, please visit: https://selenium.dev/exceptions/#no_such_element\nBuild info: version: '4.8.3', revision: 'e5e76298c3'\nSystem info: os.name: 'Linux', os.arch: 'amd64', os.version: '5.19.0-41-generic', java.version: '11.0.18'\nDriver info: org.openqa.selenium.chrome.ChromeDriver\nCommand: [f462ba6a5cdc6dc90e084dd7c22c79b9, findElement {using=xpath, value=//a[@clas='nav-link']}]\nCapabilities {acceptInsecureCerts: false, browserName: chrome, browserVersion: 112.0.5615.165, chrome: {chromedriverVersion: 112.0.5615.49 (bd2a7bcb881c..., userDataDir: /tmp/.com.google.Chrome.ee2hJx}, goog:chromeOptions: {debuggerAddress: localhost:44735}, networkConnectionEnabled: false, pageLoadStrategy: normal, platformName: LINUX, proxy: Proxy(), se:cdp: ws://localhost:44735/devtoo..., se:cdpVersion: 112.0.5615.165, setWindowRect: true, strictFileInteractability: false, timeouts: {implicit: 0, pageLoad: 300000, script: 30000}, unhandledPromptBehavior: dismiss and notify, webauthn:extension:credBlob: true, webauthn:extension:largeBlob: true, webauthn:extension:minPinLength: true, webauthn:extension:prf: true, webauthn:virtualAuthenticators: true}\nSession ID: f462ba6a5cdc6dc90e084dd7c22c79b9","time":{"start":1683009250607,"stop":1683009268758,"duration":18151}},{"uid":"99aa1630135817ae","reportUrl":"../50/index.html#testresult/99aa1630135817ae","status":"broken","statusDetails":"no such element: Unable to locate element: {\"method\":\"xpath\",\"selector\":\"//a[@clas='nav-link']\"}\n  (Session info: chrome=112.0.5615.165)\nFor documentation on this error, please visit: https://selenium.dev/exceptions/#no_such_element\nBuild info: version: '4.8.3', revision: 'e5e76298c3'\nSystem info: os.name: 'Linux', os.arch: 'amd64', os.version: '5.19.0-41-generic', java.version: '11.0.18'\nDriver info: org.openqa.selenium.chrome.ChromeDriver\nCommand: [f462ba6a5cdc6dc90e084dd7c22c79b9, findElement {using=xpath, value=//a[@clas='nav-link']}]\nCapabilities {acceptInsecureCerts: false, browserName: chrome, browserVersion: 112.0.5615.165, chrome: {chromedriverVersion: 112.0.5615.49 (bd2a7bcb881c..., userDataDir: /tmp/.com.google.Chrome.ee2hJx}, goog:chromeOptions: {debuggerAddress: localhost:44735}, networkConnectionEnabled: false, pageLoadStrategy: normal, platformName: LINUX, proxy: Proxy(), se:cdp: ws://localhost:44735/devtoo..., se:cdpVersion: 112.0.5615.165, setWindowRect: true, strictFileInteractability: false, timeouts: {implicit: 0, pageLoad: 300000, script: 30000}, unhandledPromptBehavior: dismiss and notify, webauthn:extension:credBlob: true, webauthn:extension:largeBlob: true, webauthn:extension:minPinLength: true, webauthn:extension:prf: true, webauthn:virtualAuthenticators: true}\nSession ID: f462ba6a5cdc6dc90e084dd7c22c79b9","time":{"start":1683009250607,"stop":1683009268758,"duration":18151}},{"uid":"d5a2290dfe359cdd","reportUrl":"../49/index.html#testresult/d5a2290dfe359cdd","status":"broken","statusDetails":"no such element: Unable to locate element: {\"method\":\"xpath\",\"selector\":\"//a[@clas='nav-link']\"}\n  (Session info: chrome=112.0.5615.165)\nFor documentation on this error, please visit: https://selenium.dev/exceptions/#no_such_element\nBuild info: version: '4.8.3', revision: 'e5e76298c3'\nSystem info: os.name: 'Linux', os.arch: 'amd64', os.version: '5.19.0-41-generic', java.version: '11.0.18'\nDriver info: org.openqa.selenium.chrome.ChromeDriver\nCommand: [f462ba6a5cdc6dc90e084dd7c22c79b9, findElement {using=xpath, value=//a[@clas='nav-link']}]\nCapabilities {acceptInsecureCerts: false, browserName: chrome, browserVersion: 112.0.5615.165, chrome: {chromedriverVersion: 112.0.5615.49 (bd2a7bcb881c..., userDataDir: /tmp/.com.google.Chrome.ee2hJx}, goog:chromeOptions: {debuggerAddress: localhost:44735}, networkConnectionEnabled: false, pageLoadStrategy: normal, platformName: LINUX, proxy: Proxy(), se:cdp: ws://localhost:44735/devtoo..., se:cdpVersion: 112.0.5615.165, setWindowRect: true, strictFileInteractability: false, timeouts: {implicit: 0, pageLoad: 300000, script: 30000}, unhandledPromptBehavior: dismiss and notify, webauthn:extension:credBlob: true, webauthn:extension:largeBlob: true, webauthn:extension:minPinLength: true, webauthn:extension:prf: true, webauthn:virtualAuthenticators: true}\nSession ID: f462ba6a5cdc6dc90e084dd7c22c79b9","time":{"start":1683009250607,"stop":1683009268758,"duration":18151}},{"uid":"d28468ccc497ee2d","reportUrl":"../48/index.html#testresult/d28468ccc497ee2d","status":"broken","statusDetails":"no such element: Unable to locate element: {\"method\":\"xpath\",\"selector\":\"//a[@clas='nav-link']\"}\n  (Session info: chrome=112.0.5615.165)\nFor documentation on this error, please visit: https://selenium.dev/exceptions/#no_such_element\nBuild info: version: '4.8.3', revision: 'e5e76298c3'\nSystem info: os.name: 'Linux', os.arch: 'amd64', os.version: '5.19.0-41-generic', java.version: '11.0.18'\nDriver info: org.openqa.selenium.chrome.ChromeDriver\nCommand: [f462ba6a5cdc6dc90e084dd7c22c79b9, findElement {using=xpath, value=//a[@clas='nav-link']}]\nCapabilities {acceptInsecureCerts: false, browserName: chrome, browserVersion: 112.0.5615.165, chrome: {chromedriverVersion: 112.0.5615.49 (bd2a7bcb881c..., userDataDir: /tmp/.com.google.Chrome.ee2hJx}, goog:chromeOptions: {debuggerAddress: localhost:44735}, networkConnectionEnabled: false, pageLoadStrategy: normal, platformName: LINUX, proxy: Proxy(), se:cdp: ws://localhost:44735/devtoo..., se:cdpVersion: 112.0.5615.165, setWindowRect: true, strictFileInteractability: false, timeouts: {implicit: 0, pageLoad: 300000, script: 30000}, unhandledPromptBehavior: dismiss and notify, webauthn:extension:credBlob: true, webauthn:extension:largeBlob: true, webauthn:extension:minPinLength: true, webauthn:extension:prf: true, webauthn:virtualAuthenticators: true}\nSession ID: f462ba6a5cdc6dc90e084dd7c22c79b9","time":{"start":1683009250607,"stop":1683009268758,"duration":18151}},{"uid":"394454be8301a84a","reportUrl":"../47/index.html#testresult/394454be8301a84a","status":"broken","statusDetails":"no such element: Unable to locate element: {\"method\":\"xpath\",\"selector\":\"//a[@clas='nav-link']\"}\n  (Session info: chrome=112.0.5615.165)\nFor documentation on this error, please visit: https://selenium.dev/exceptions/#no_such_element\nBuild info: version: '4.8.3', revision: 'e5e76298c3'\nSystem info: os.name: 'Linux', os.arch: 'amd64', os.version: '5.19.0-41-generic', java.version: '11.0.18'\nDriver info: org.openqa.selenium.chrome.ChromeDriver\nCommand: [f462ba6a5cdc6dc90e084dd7c22c79b9, findElement {using=xpath, value=//a[@clas='nav-link']}]\nCapabilities {acceptInsecureCerts: false, browserName: chrome, browserVersion: 112.0.5615.165, chrome: {chromedriverVersion: 112.0.5615.49 (bd2a7bcb881c..., userDataDir: /tmp/.com.google.Chrome.ee2hJx}, goog:chromeOptions: {debuggerAddress: localhost:44735}, networkConnectionEnabled: false, pageLoadStrategy: normal, platformName: LINUX, proxy: Proxy(), se:cdp: ws://localhost:44735/devtoo..., se:cdpVersion: 112.0.5615.165, setWindowRect: true, strictFileInteractability: false, timeouts: {implicit: 0, pageLoad: 300000, script: 30000}, unhandledPromptBehavior: dismiss and notify, webauthn:extension:credBlob: true, webauthn:extension:largeBlob: true, webauthn:extension:minPinLength: true, webauthn:extension:prf: true, webauthn:virtualAuthenticators: true}\nSession ID: f462ba6a5cdc6dc90e084dd7c22c79b9","time":{"start":1683009250607,"stop":1683009268758,"duration":18151}},{"uid":"d8ad4f0755cde2e9","reportUrl":"../46/index.html#testresult/d8ad4f0755cde2e9","status":"passed","time":{"start":1682661407129,"stop":1682661410484,"duration":3355}},{"uid":"4b9160ae49d0cc91","reportUrl":"../45/index.html#testresult/4b9160ae49d0cc91","status":"broken","statusDetails":"no such element: Unable to locate element: {\"method\":\"xpath\",\"selector\":\"//a[@clas='nav-link']\"}\n  (Session info: chrome=112.0.5615.165)\nFor documentation on this error, please visit: https://selenium.dev/exceptions/#no_such_element\nBuild info: version: '4.8.3', revision: 'e5e76298c3'\nSystem info: os.name: 'Linux', os.arch: 'amd64', os.version: '5.19.0-41-generic', java.version: '11.0.18'\nDriver info: org.openqa.selenium.chrome.ChromeDriver\nCommand: [57002d6dc728f16f7661cdf0486a745c, findElement {using=xpath, value=//a[@clas='nav-link']}]\nCapabilities {acceptInsecureCerts: false, browserName: chrome, browserVersion: 112.0.5615.165, chrome: {chromedriverVersion: 112.0.5615.49 (bd2a7bcb881c..., userDataDir: /tmp/.com.google.Chrome.v5FRZN}, goog:chromeOptions: {debuggerAddress: localhost:37397}, networkConnectionEnabled: false, pageLoadStrategy: normal, platformName: LINUX, proxy: Proxy(), se:cdp: ws://localhost:37397/devtoo..., se:cdpVersion: 112.0.5615.165, setWindowRect: true, strictFileInteractability: false, timeouts: {implicit: 0, pageLoad: 300000, script: 30000}, unhandledPromptBehavior: dismiss and notify, webauthn:extension:credBlob: true, webauthn:extension:largeBlob: true, webauthn:extension:minPinLength: true, webauthn:extension:prf: true, webauthn:virtualAuthenticators: true}\nSession ID: 57002d6dc728f16f7661cdf0486a745c","time":{"start":1682591136314,"stop":1682591154701,"duration":18387}},{"uid":"81ca6d9a0bf06f39","reportUrl":"../44/index.html#testresult/81ca6d9a0bf06f39","status":"broken","statusDetails":"no such element: Unable to locate element: {\"method\":\"xpath\",\"selector\":\"//a[@clas='nav-link']\"}\n  (Session info: chrome=112.0.5615.165)\nFor documentation on this error, please visit: https://selenium.dev/exceptions/#no_such_element\nBuild info: version: '4.8.3', revision: 'e5e76298c3'\nSystem info: os.name: 'Linux', os.arch: 'amd64', os.version: '5.19.0-41-generic', java.version: '11.0.18'\nDriver info: org.openqa.selenium.chrome.ChromeDriver\nCommand: [57002d6dc728f16f7661cdf0486a745c, findElement {using=xpath, value=//a[@clas='nav-link']}]\nCapabilities {acceptInsecureCerts: false, browserName: chrome, browserVersion: 112.0.5615.165, chrome: {chromedriverVersion: 112.0.5615.49 (bd2a7bcb881c..., userDataDir: /tmp/.com.google.Chrome.v5FRZN}, goog:chromeOptions: {debuggerAddress: localhost:37397}, networkConnectionEnabled: false, pageLoadStrategy: normal, platformName: LINUX, proxy: Proxy(), se:cdp: ws://localhost:37397/devtoo..., se:cdpVersion: 112.0.5615.165, setWindowRect: true, strictFileInteractability: false, timeouts: {implicit: 0, pageLoad: 300000, script: 30000}, unhandledPromptBehavior: dismiss and notify, webauthn:extension:credBlob: true, webauthn:extension:largeBlob: true, webauthn:extension:minPinLength: true, webauthn:extension:prf: true, webauthn:virtualAuthenticators: true}\nSession ID: 57002d6dc728f16f7661cdf0486a745c","time":{"start":1682591136314,"stop":1682591154701,"duration":18387}},{"uid":"a5be18824e5e1e65","reportUrl":"../43/index.html#testresult/a5be18824e5e1e65","status":"broken","statusDetails":"no such element: Unable to locate element: {\"method\":\"xpath\",\"selector\":\"//a[@clas='nav-link']\"}\n  (Session info: chrome=112.0.5615.165)\nFor documentation on this error, please visit: https://selenium.dev/exceptions/#no_such_element\nBuild info: version: '4.8.3', revision: 'e5e76298c3'\nSystem info: os.name: 'Linux', os.arch: 'amd64', os.version: '5.19.0-41-generic', java.version: '11.0.18'\nDriver info: org.openqa.selenium.chrome.ChromeDriver\nCommand: [57002d6dc728f16f7661cdf0486a745c, findElement {using=xpath, value=//a[@clas='nav-link']}]\nCapabilities {acceptInsecureCerts: false, browserName: chrome, browserVersion: 112.0.5615.165, chrome: {chromedriverVersion: 112.0.5615.49 (bd2a7bcb881c..., userDataDir: /tmp/.com.google.Chrome.v5FRZN}, goog:chromeOptions: {debuggerAddress: localhost:37397}, networkConnectionEnabled: false, pageLoadStrategy: normal, platformName: LINUX, proxy: Proxy(), se:cdp: ws://localhost:37397/devtoo..., se:cdpVersion: 112.0.5615.165, setWindowRect: true, strictFileInteractability: false, timeouts: {implicit: 0, pageLoad: 300000, script: 30000}, unhandledPromptBehavior: dismiss and notify, webauthn:extension:credBlob: true, webauthn:extension:largeBlob: true, webauthn:extension:minPinLength: true, webauthn:extension:prf: true, webauthn:virtualAuthenticators: true}\nSession ID: 57002d6dc728f16f7661cdf0486a745c","time":{"start":1682591136314,"stop":1682591154701,"duration":18387}},{"uid":"fe78eb5a614ed903","reportUrl":"../42/index.html#testresult/fe78eb5a614ed903","status":"broken","statusDetails":"no such element: Unable to locate element: {\"method\":\"xpath\",\"selector\":\"//a[@clas='nav-link']\"}\n  (Session info: chrome=112.0.5615.165)\nFor documentation on this error, please visit: https://selenium.dev/exceptions/#no_such_element\nBuild info: version: '4.8.3', revision: 'e5e76298c3'\nSystem info: os.name: 'Linux', os.arch: 'amd64', os.version: '5.19.0-41-generic', java.version: '11.0.18'\nDriver info: org.openqa.selenium.chrome.ChromeDriver\nCommand: [57002d6dc728f16f7661cdf0486a745c, findElement {using=xpath, value=//a[@clas='nav-link']}]\nCapabilities {acceptInsecureCerts: false, browserName: chrome, browserVersion: 112.0.5615.165, chrome: {chromedriverVersion: 112.0.5615.49 (bd2a7bcb881c..., userDataDir: /tmp/.com.google.Chrome.v5FRZN}, goog:chromeOptions: {debuggerAddress: localhost:37397}, networkConnectionEnabled: false, pageLoadStrategy: normal, platformName: LINUX, proxy: Proxy(), se:cdp: ws://localhost:37397/devtoo..., se:cdpVersion: 112.0.5615.165, setWindowRect: true, strictFileInteractability: false, timeouts: {implicit: 0, pageLoad: 300000, script: 30000}, unhandledPromptBehavior: dismiss and notify, webauthn:extension:credBlob: true, webauthn:extension:largeBlob: true, webauthn:extension:minPinLength: true, webauthn:extension:prf: true, webauthn:virtualAuthenticators: true}\nSession ID: 57002d6dc728f16f7661cdf0486a745c","time":{"start":1682591136314,"stop":1682591154701,"duration":18387}}]},"61b4d019ac9921e6bf6d91324914b6e3":{"statistic":{"failed":0,"broken":0,"skipped":13,"passed":0,"unknown":0,"total":13},"items":[{"uid":"b50e28f50a3069ed","reportUrl":"../61/index.html#testresult/b50e28f50a3069ed","status":"skipped","statusDetails":"Could not start a new session. Response code 401. Message: Unauthorized, either Username or AccessKey is invalid. \nHost info: host: 'efe', ip: '127.0.1.1'\nBuild info: version: '4.8.3', revision: 'e5e76298c3'\nSystem info: os.name: 'Linux', os.arch: 'amd64', os.version: '5.19.0-41-generic', java.version: '11.0.18'\nDriver info: org.openqa.selenium.remote.RemoteWebDriver\nCommand: [null, newSession {capabilities=[Capabilities {LT:Options: {accessKey: null, build: Selenium 4, name: com.lambdatest.TestNGRelati..., platformName: Windows 10, seCdp: true, selenium_version: 4.0.0, tags: [Feature, Falcon, Severe], user: null}, browserName: Chrome, browserVersion: latest}], desiredCapabilities=Capabilities {LT:Options: {accessKey: null, build: Selenium 4, name: com.lambdatest.TestNGRelati..., platformName: Windows 10, seCdp: true, selenium_version: 4.0.0, tags: [Feature, Falcon, Severe], user: null}, browserName: Chrome, browserVersion: latest}}]\nCapabilities {LT:Options: {accessKey: null, build: Selenium 4, name: com.lambdatest.TestNGRelati..., platformName: Windows 10, seCdp: true, selenium_version: 4.0.0, tags: [Feature, Falcon, Severe], user: null}, browserName: Chrome, browserVersion: latest}","time":{"start":1683028622041,"stop":1683028622042,"duration":1}},{"uid":"71b64c6c9ffd8748","reportUrl":"../60/index.html#testresult/71b64c6c9ffd8748","status":"skipped","statusDetails":"Could not start a new session. Response code 401. Message: Unauthorized, either Username or AccessKey is invalid. \nHost info: host: 'efe', ip: '127.0.1.1'\nBuild info: version: '4.8.3', revision: 'e5e76298c3'\nSystem info: os.name: 'Linux', os.arch: 'amd64', os.version: '5.19.0-41-generic', java.version: '11.0.18'\nDriver info: org.openqa.selenium.remote.RemoteWebDriver\nCommand: [null, newSession {capabilities=[Capabilities {LT:Options: {accessKey: null, build: Selenium 4, name: com.lambdatest.TestNGRelati..., platformName: Windows 10, seCdp: true, selenium_version: 4.0.0, tags: [Feature, Falcon, Severe], user: null}, browserName: Chrome, browserVersion: latest}], desiredCapabilities=Capabilities {LT:Options: {accessKey: null, build: Selenium 4, name: com.lambdatest.TestNGRelati..., platformName: Windows 10, seCdp: true, selenium_version: 4.0.0, tags: [Feature, Falcon, Severe], user: null}, browserName: Chrome, browserVersion: latest}}]\nCapabilities {LT:Options: {accessKey: null, build: Selenium 4, name: com.lambdatest.TestNGRelati..., platformName: Windows 10, seCdp: true, selenium_version: 4.0.0, tags: [Feature, Falcon, Severe], user: null}, browserName: Chrome, browserVersion: latest}","time":{"start":1683028622041,"stop":1683028622042,"duration":1}},{"uid":"56376f87349191ea","reportUrl":"../59/index.html#testresult/56376f87349191ea","status":"skipped","statusDetails":"Could not start a new session. Response code 401. Message: Unauthorized, either Username or AccessKey is invalid. \nHost info: host: 'efe', ip: '127.0.1.1'\nBuild info: version: '4.8.3', revision: 'e5e76298c3'\nSystem info: os.name: 'Linux', os.arch: 'amd64', os.version: '5.19.0-41-generic', java.version: '11.0.18'\nDriver info: org.openqa.selenium.remote.RemoteWebDriver\nCommand: [null, newSession {capabilities=[Capabilities {LT:Options: {accessKey: null, build: Selenium 4, name: com.lambdatest.TestNGRelati..., platformName: Windows 10, seCdp: true, selenium_version: 4.0.0, tags: [Feature, Falcon, Severe], user: null}, browserName: Chrome, browserVersion: latest}], desiredCapabilities=Capabilities {LT:Options: {accessKey: null, build: Selenium 4, name: com.lambdatest.TestNGRelati..., platformName: Windows 10, seCdp: true, selenium_version: 4.0.0, tags: [Feature, Falcon, Severe], user: null}, browserName: Chrome, browserVersion: latest}}]\nCapabilities {LT:Options: {accessKey: null, build: Selenium 4, name: com.lambdatest.TestNGRelati..., platformName: Windows 10, seCdp: true, selenium_version: 4.0.0, tags: [Feature, Falcon, Severe], user: null}, browserName: Chrome, browserVersion: latest}","time":{"start":1683028622041,"stop":1683028622042,"duration":1}},{"uid":"36b106a689b27571","reportUrl":"../58/index.html#testresult/36b106a689b27571","status":"skipped","statusDetails":"Could not start a new session. Response code 401. Message: Unauthorized, either Username or AccessKey is invalid. \nHost info: host: 'efe', ip: '127.0.1.1'\nBuild info: version: '4.8.3', revision: 'e5e76298c3'\nSystem info: os.name: 'Linux', os.arch: 'amd64', os.version: '5.19.0-41-generic', java.version: '11.0.18'\nDriver info: org.openqa.selenium.remote.RemoteWebDriver\nCommand: [null, newSession {capabilities=[Capabilities {LT:Options: {accessKey: null, build: Selenium 4, name: com.lambdatest.TestNGRelati..., platformName: Windows 10, seCdp: true, selenium_version: 4.0.0, tags: [Feature, Falcon, Severe], user: null}, browserName: Chrome, browserVersion: latest}], desiredCapabilities=Capabilities {LT:Options: {accessKey: null, build: Selenium 4, name: com.lambdatest.TestNGRelati..., platformName: Windows 10, seCdp: true, selenium_version: 4.0.0, tags: [Feature, Falcon, Severe], user: null}, browserName: Chrome, browserVersion: latest}}]\nCapabilities {LT:Options: {accessKey: null, build: Selenium 4, name: com.lambdatest.TestNGRelati..., platformName: Windows 10, seCdp: true, selenium_version: 4.0.0, tags: [Feature, Falcon, Severe], user: null}, browserName: Chrome, browserVersion: latest}","time":{"start":1683028622041,"stop":1683028622042,"duration":1}},{"uid":"57c42ea8704ead64","reportUrl":"../57/index.html#testresult/57c42ea8704ead64","status":"skipped","statusDetails":"Could not start a new session. Response code 401. Message: Unauthorized, either Username or AccessKey is invalid. \nHost info: host: 'efe', ip: '127.0.1.1'\nBuild info: version: '4.8.3', revision: 'e5e76298c3'\nSystem info: os.name: 'Linux', os.arch: 'amd64', os.version: '5.19.0-41-generic', java.version: '11.0.18'\nDriver info: org.openqa.selenium.remote.RemoteWebDriver\nCommand: [null, newSession {capabilities=[Capabilities {LT:Options: {accessKey: null, build: Selenium 4, name: com.lambdatest.TestNGRelati..., platformName: Windows 10, seCdp: true, selenium_version: 4.0.0, tags: [Feature, Falcon, Severe], user: null}, browserName: Chrome, browserVersion: latest}], desiredCapabilities=Capabilities {LT:Options: {accessKey: null, build: Selenium 4, name: com.lambdatest.TestNGRelati..., platformName: Windows 10, seCdp: true, selenium_version: 4.0.0, tags: [Feature, Falcon, Severe], user: null}, browserName: Chrome, browserVersion: latest}}]\nCapabilities {LT:Options: {accessKey: null, build: Selenium 4, name: com.lambdatest.TestNGRelati..., platformName: Windows 10, seCdp: true, selenium_version: 4.0.0, tags: [Feature, Falcon, Severe], user: null}, browserName: Chrome, browserVersion: latest}","time":{"start":1683028622041,"stop":1683028622042,"duration":1}},{"uid":"bd8f8df0448894df","reportUrl":"../56/index.html#testresult/bd8f8df0448894df","status":"skipped","statusDetails":"Could not start a new session. Response code 401. Message: Unauthorized, either Username or AccessKey is invalid. \nHost info: host: 'efe', ip: '127.0.1.1'\nBuild info: version: '4.8.3', revision: 'e5e76298c3'\nSystem info: os.name: 'Linux', os.arch: 'amd64', os.version: '5.19.0-41-generic', java.version: '11.0.18'\nDriver info: org.openqa.selenium.remote.RemoteWebDriver\nCommand: [null, newSession {capabilities=[Capabilities {LT:Options: {accessKey: null, build: Selenium 4, name: com.lambdatest.TestNGRelati..., platformName: Windows 10, seCdp: true, selenium_version: 4.0.0, tags: [Feature, Falcon, Severe], user: null}, browserName: Chrome, browserVersion: latest}], desiredCapabilities=Capabilities {LT:Options: {accessKey: null, build: Selenium 4, name: com.lambdatest.TestNGRelati..., platformName: Windows 10, seCdp: true, selenium_version: 4.0.0, tags: [Feature, Falcon, Severe], user: null}, browserName: Chrome, browserVersion: latest}}]\nCapabilities {LT:Options: {accessKey: null, build: Selenium 4, name: com.lambdatest.TestNGRelati..., platformName: Windows 10, seCdp: true, selenium_version: 4.0.0, tags: [Feature, Falcon, Severe], user: null}, browserName: Chrome, browserVersion: latest}","time":{"start":1683028622041,"stop":1683028622042,"duration":1}},{"uid":"e983443334c5e147","reportUrl":"../55/index.html#testresult/e983443334c5e147","status":"skipped","statusDetails":"Could not start a new session. Response code 401. Message: Unauthorized, either Username or AccessKey is invalid. \nHost info: host: 'efe', ip: '127.0.1.1'\nBuild info: version: '4.8.3', revision: 'e5e76298c3'\nSystem info: os.name: 'Linux', os.arch: 'amd64', os.version: '5.19.0-41-generic', java.version: '11.0.18'\nDriver info: org.openqa.selenium.remote.RemoteWebDriver\nCommand: [null, newSession {capabilities=[Capabilities {LT:Options: {accessKey: null, build: Selenium 4, name: com.lambdatest.TestNGRelati..., platformName: Windows 10, seCdp: true, selenium_version: 4.0.0, tags: [Feature, Falcon, Severe], user: null}, browserName: Chrome, browserVersion: latest}], desiredCapabilities=Capabilities {LT:Options: {accessKey: null, build: Selenium 4, name: com.lambdatest.TestNGRelati..., platformName: Windows 10, seCdp: true, selenium_version: 4.0.0, tags: [Feature, Falcon, Severe], user: null}, browserName: Chrome, browserVersion: latest}}]\nCapabilities {LT:Options: {accessKey: null, build: Selenium 4, name: com.lambdatest.TestNGRelati..., platformName: Windows 10, seCdp: true, selenium_version: 4.0.0, tags: [Feature, Falcon, Severe], user: null}, browserName: Chrome, browserVersion: latest}","time":{"start":1683028622041,"stop":1683028622042,"duration":1}},{"uid":"ad3b9d1287284a0a","reportUrl":"../54/index.html#testresult/ad3b9d1287284a0a","status":"skipped","statusDetails":"Could not start a new session. Response code 401. Message: Unauthorized, either Username or AccessKey is invalid. \nHost info: host: 'efe', ip: '127.0.1.1'\nBuild info: version: '4.8.3', revision: 'e5e76298c3'\nSystem info: os.name: 'Linux', os.arch: 'amd64', os.version: '5.19.0-41-generic', java.version: '11.0.18'\nDriver info: org.openqa.selenium.remote.RemoteWebDriver\nCommand: [null, newSession {capabilities=[Capabilities {LT:Options: {accessKey: null, build: Selenium 4, name: com.lambdatest.TestNGRelati..., platformName: Windows 10, seCdp: true, selenium_version: 4.0.0, tags: [Feature, Falcon, Severe], user: null}, browserName: Chrome, browserVersion: latest}], desiredCapabilities=Capabilities {LT:Options: {accessKey: null, build: Selenium 4, name: com.lambdatest.TestNGRelati..., platformName: Windows 10, seCdp: true, selenium_version: 4.0.0, tags: [Feature, Falcon, Severe], user: null}, browserName: Chrome, browserVersion: latest}}]\nCapabilities {LT:Options: {accessKey: null, build: Selenium 4, name: com.lambdatest.TestNGRelati..., platformName: Windows 10, seCdp: true, selenium_version: 4.0.0, tags: [Feature, Falcon, Severe], user: null}, browserName: Chrome, browserVersion: latest}","time":{"start":1683028622041,"stop":1683028622042,"duration":1}},{"uid":"9d1fb1d597e38e51","reportUrl":"../53/index.html#testresult/9d1fb1d597e38e51","status":"skipped","statusDetails":"Could not start a new session. Response code 401. Message: Unauthorized, either Username or AccessKey is invalid. \nHost info: host: 'efe', ip: '127.0.1.1'\nBuild info: version: '4.8.3', revision: 'e5e76298c3'\nSystem info: os.name: 'Linux', os.arch: 'amd64', os.version: '5.19.0-41-generic', java.version: '11.0.18'\nDriver info: org.openqa.selenium.remote.RemoteWebDriver\nCommand: [null, newSession {capabilities=[Capabilities {LT:Options: {accessKey: null, build: Selenium 4, name: com.lambdatest.TestNGRelati..., platformName: Windows 10, seCdp: true, selenium_version: 4.0.0, tags: [Feature, Falcon, Severe], user: null}, browserName: Chrome, browserVersion: latest}], desiredCapabilities=Capabilities {LT:Options: {accessKey: null, build: Selenium 4, name: com.lambdatest.TestNGRelati..., platformName: Windows 10, seCdp: true, selenium_version: 4.0.0, tags: [Feature, Falcon, Severe], user: null}, browserName: Chrome, browserVersion: latest}}]\nCapabilities {LT:Options: {accessKey: null, build: Selenium 4, name: com.lambdatest.TestNGRelati..., platformName: Windows 10, seCdp: true, selenium_version: 4.0.0, tags: [Feature, Falcon, Severe], user: null}, browserName: Chrome, browserVersion: latest}","time":{"start":1683028622041,"stop":1683028622042,"duration":1}},{"uid":"12f349a45be5c9f","reportUrl":"../52/index.html#testresult/12f349a45be5c9f","status":"skipped","statusDetails":"Could not start a new session. Response code 401. Message: Unauthorized, either Username or AccessKey is invalid. \nHost info: host: 'efe', ip: '127.0.1.1'\nBuild info: version: '4.8.3', revision: 'e5e76298c3'\nSystem info: os.name: 'Linux', os.arch: 'amd64', os.version: '5.19.0-41-generic', java.version: '11.0.18'\nDriver info: org.openqa.selenium.remote.RemoteWebDriver\nCommand: [null, newSession {capabilities=[Capabilities {LT:Options: {accessKey: null, build: Selenium 4, name: com.lambdatest.TestNGRelati..., platformName: Windows 10, seCdp: true, selenium_version: 4.0.0, tags: [Feature, Falcon, Severe], user: null}, browserName: Chrome, browserVersion: latest}], desiredCapabilities=Capabilities {LT:Options: {accessKey: null, build: Selenium 4, name: com.lambdatest.TestNGRelati..., platformName: Windows 10, seCdp: true, selenium_version: 4.0.0, tags: [Feature, Falcon, Severe], user: null}, browserName: Chrome, browserVersion: latest}}]\nCapabilities {LT:Options: {accessKey: null, build: Selenium 4, name: com.lambdatest.TestNGRelati..., platformName: Windows 10, seCdp: true, selenium_version: 4.0.0, tags: [Feature, Falcon, Severe], user: null}, browserName: Chrome, browserVersion: latest}","time":{"start":1683028622041,"stop":1683028622042,"duration":1}},{"uid":"5d35fd9a9353d35e","reportUrl":"../51/index.html#testresult/5d35fd9a9353d35e","status":"skipped","statusDetails":"Could not start a new session. Response code 401. Message: Unauthorized, either Username or AccessKey is invalid. \nHost info: host: 'efe', ip: '127.0.1.1'\nBuild info: version: '4.8.3', revision: 'e5e76298c3'\nSystem info: os.name: 'Linux', os.arch: 'amd64', os.version: '5.19.0-41-generic', java.version: '11.0.18'\nDriver info: org.openqa.selenium.remote.RemoteWebDriver\nCommand: [null, newSession {capabilities=[Capabilities {LT:Options: {accessKey: null, build: Selenium 4, name: com.lambdatest.TestNGRelati..., platformName: Windows 10, seCdp: true, selenium_version: 4.0.0, tags: [Feature, Falcon, Severe], user: null}, browserName: Chrome, browserVersion: latest}], desiredCapabilities=Capabilities {LT:Options: {accessKey: null, build: Selenium 4, name: com.lambdatest.TestNGRelati..., platformName: Windows 10, seCdp: true, selenium_version: 4.0.0, tags: [Feature, Falcon, Severe], user: null}, browserName: Chrome, browserVersion: latest}}]\nCapabilities {LT:Options: {accessKey: null, build: Selenium 4, name: com.lambdatest.TestNGRelati..., platformName: Windows 10, seCdp: true, selenium_version: 4.0.0, tags: [Feature, Falcon, Severe], user: null}, browserName: Chrome, browserVersion: latest}","time":{"start":1683028622041,"stop":1683028622042,"duration":1}},{"uid":"afe991e9b6b7030e","reportUrl":"../50/index.html#testresult/afe991e9b6b7030e","status":"skipped","statusDetails":"Could not start a new session. Response code 401. Message: Unauthorized, either Username or AccessKey is invalid. \nHost info: host: 'efe', ip: '127.0.1.1'\nBuild info: version: '4.8.3', revision: 'e5e76298c3'\nSystem info: os.name: 'Linux', os.arch: 'amd64', os.version: '5.19.0-41-generic', java.version: '11.0.18'\nDriver info: org.openqa.selenium.remote.RemoteWebDriver\nCommand: [null, newSession {capabilities=[Capabilities {LT:Options: {accessKey: null, build: Selenium 4, name: com.lambdatest.TestNGRelati..., platformName: Windows 10, seCdp: true, selenium_version: 4.0.0, tags: [Feature, Falcon, Severe], user: null}, browserName: Chrome, browserVersion: latest}], desiredCapabilities=Capabilities {LT:Options: {accessKey: null, build: Selenium 4, name: com.lambdatest.TestNGRelati..., platformName: Windows 10, seCdp: true, selenium_version: 4.0.0, tags: [Feature, Falcon, Severe], user: null}, browserName: Chrome, browserVersion: latest}}]\nCapabilities {LT:Options: {accessKey: null, build: Selenium 4, name: com.lambdatest.TestNGRelati..., platformName: Windows 10, seCdp: true, selenium_version: 4.0.0, tags: [Feature, Falcon, Severe], user: null}, browserName: Chrome, browserVersion: latest}","time":{"start":1683028622041,"stop":1683028622042,"duration":1}},{"uid":"8d29865cbc1e8830","reportUrl":"../49/index.html#testresult/8d29865cbc1e8830","status":"skipped","statusDetails":"Could not start a new session. Response code 401. Message: Unauthorized, either Username or AccessKey is invalid. \nHost info: host: 'efe', ip: '127.0.1.1'\nBuild info: version: '4.8.3', revision: 'e5e76298c3'\nSystem info: os.name: 'Linux', os.arch: 'amd64', os.version: '5.19.0-41-generic', java.version: '11.0.18'\nDriver info: org.openqa.selenium.remote.RemoteWebDriver\nCommand: [null, newSession {capabilities=[Capabilities {LT:Options: {accessKey: null, build: Selenium 4, name: com.lambdatest.TestNGRelati..., platformName: Windows 10, seCdp: true, selenium_version: 4.0.0, tags: [Feature, Falcon, Severe], user: null}, browserName: Chrome, browserVersion: latest}], desiredCapabilities=Capabilities {LT:Options: {accessKey: null, build: Selenium 4, name: com.lambdatest.TestNGRelati..., platformName: Windows 10, seCdp: true, selenium_version: 4.0.0, tags: [Feature, Falcon, Severe], user: null}, browserName: Chrome, browserVersion: latest}}]\nCapabilities {LT:Options: {accessKey: null, build: Selenium 4, name: com.lambdatest.TestNGRelati..., platformName: Windows 10, seCdp: true, selenium_version: 4.0.0, tags: [Feature, Falcon, Severe], user: null}, browserName: Chrome, browserVersion: latest}","time":{"start":1683028622041,"stop":1683028622042,"duration":1}}]},"8d255a565ca9e6fd279ea935e06afbe5":{"statistic":{"failed":0,"broken":0,"skipped":0,"passed":54,"unknown":0,"total":54},"items":[{"uid":"81b6eeb1ea75960b","reportUrl":"../61/index.html#testresult/81b6eeb1ea75960b","status":"passed","time":{"start":1683029468247,"stop":1683029478135,"duration":9888}},{"uid":"f245c1072ec3aef4","reportUrl":"../60/index.html#testresult/f245c1072ec3aef4","status":"passed","time":{"start":1683029468247,"stop":1683029478135,"duration":9888}},{"uid":"4b4aca0e2a207dcc","reportUrl":"../59/index.html#testresult/4b4aca0e2a207dcc","status":"passed","time":{"start":1683029468247,"stop":1683029478135,"duration":9888}},{"uid":"bf7012cd9c3b000e","reportUrl":"../58/index.html#testresult/bf7012cd9c3b000e","status":"passed","time":{"start":1683029468247,"stop":1683029478135,"duration":9888}},{"uid":"3fad03f8d024adbc","reportUrl":"../57/index.html#testresult/3fad03f8d024adbc","status":"passed","time":{"start":1683029104914,"stop":1683029115567,"duration":10653}},{"uid":"35ac3dbf69b33c4f","reportUrl":"../56/index.html#testresult/35ac3dbf69b33c4f","status":"passed","time":{"start":1683029104914,"stop":1683029115567,"duration":10653}},{"uid":"cddeb465c3666117","reportUrl":"../55/index.html#testresult/cddeb465c3666117","status":"passed","time":{"start":1683029104914,"stop":1683029115567,"duration":10653}},{"uid":"40a9555b0b7f9f56","reportUrl":"../54/index.html#testresult/40a9555b0b7f9f56","status":"passed","time":{"start":1683029104914,"stop":1683029115567,"duration":10653}},{"uid":"8506a93d06a96661","reportUrl":"../53/index.html#testresult/8506a93d06a96661","status":"passed","time":{"start":1683028776789,"stop":1683028788094,"duration":11305}},{"uid":"5c2109c94fcb0463","reportUrl":"../52/index.html#testresult/5c2109c94fcb0463","status":"passed","time":{"start":1683028776789,"stop":1683028788094,"duration":11305}},{"uid":"ce20f6e27251b41","reportUrl":"../51/index.html#testresult/ce20f6e27251b41","status":"passed","time":{"start":1683028776789,"stop":1683028788094,"duration":11305}},{"uid":"4074426ce4e21d7","reportUrl":"../50/index.html#testresult/4074426ce4e21d7","status":"passed","time":{"start":1683028776789,"stop":1683028788094,"duration":11305}},{"uid":"ca072a8ce8529793","reportUrl":"../49/index.html#testresult/ca072a8ce8529793","status":"passed","time":{"start":1683009234756,"stop":1683009246274,"duration":11518}},{"uid":"fd4b6aa52b65ee9f","reportUrl":"../48/index.html#testresult/fd4b6aa52b65ee9f","status":"passed","time":{"start":1683009234756,"stop":1683009246274,"duration":11518}},{"uid":"f145384e2d4ba64c","reportUrl":"../47/index.html#testresult/f145384e2d4ba64c","status":"passed","time":{"start":1683009234756,"stop":1683009246274,"duration":11518}},{"uid":"fe833529f93a4fec","reportUrl":"../46/index.html#testresult/fe833529f93a4fec","status":"passed","time":{"start":1682661391123,"stop":1682661402434,"duration":11311}},{"uid":"f41d76e9726d06e0","reportUrl":"../45/index.html#testresult/f41d76e9726d06e0","status":"passed","time":{"start":1682591120067,"stop":1682591131294,"duration":11227}},{"uid":"cbe305aa9c37a6f7","reportUrl":"../44/index.html#testresult/cbe305aa9c37a6f7","status":"passed","time":{"start":1682591120067,"stop":1682591131294,"duration":11227}},{"uid":"1a452d04cef78e58","reportUrl":"../43/index.html#testresult/1a452d04cef78e58","status":"passed","time":{"start":1682591120067,"stop":1682591131294,"duration":11227}},{"uid":"899b081fd55f96c1","reportUrl":"../42/index.html#testresult/899b081fd55f96c1","status":"passed","time":{"start":1682591120067,"stop":1682591131294,"duration":11227}}]},"7b52043cd91c023e7ee912b4d5d3f7e5":{"statistic":{"failed":0,"broken":0,"skipped":0,"passed":9,"unknown":0,"total":9},"items":[{"uid":"830e65acac36834a","reportUrl":"../10/index.html#testresult/830e65acac36834a","status":"passed","time":{"start":1582655012942,"stop":1582655013007,"duration":65}},{"uid":"91e65e383d37ba97","reportUrl":"../9/index.html#testresult/91e65e383d37ba97","status":"passed","time":{"start":1582655012942,"stop":1582655013007,"duration":65}},{"uid":"2c866328cf66019a","reportUrl":"../8/index.html#testresult/2c866328cf66019a","status":"passed","time":{"start":1582655012942,"stop":1582655013007,"duration":65}},{"uid":"c094dd4d7669bda1","reportUrl":"../7/index.html#testresult/c094dd4d7669bda1","status":"passed","time":{"start":1582655012942,"stop":1582655013007,"duration":65}},{"uid":"e50c0862b9a09718","reportUrl":"../6/index.html#testresult/e50c0862b9a09718","status":"passed","time":{"start":1582655012942,"stop":1582655013007,"duration":65}},{"uid":"24626210f8a0c86e","reportUrl":"../5/index.html#testresult/24626210f8a0c86e","status":"passed","time":{"start":1582655012942,"stop":1582655013007,"duration":65}},{"uid":"508cfe13db898ede","reportUrl":"../4/index.html#testresult/508cfe13db898ede","status":"passed","time":{"start":1582655012942,"stop":1582655013007,"duration":65}},{"uid":"b81ff8989573689a","reportUrl":"../3/index.html#testresult/b81ff8989573689a","status":"passed","time":{"start":1582655012942,"stop":1582655013007,"duration":65}},{"uid":"82d23565c432a4b","reportUrl":"../2/index.html#testresult/82d23565c432a4b","status":"passed","time":{"start":1582655012942,"stop":1582655013007,"duration":65}}]},"87242329ccacbadd359a13ab20477afc":{"statistic":{"failed":0,"broken":13,"skipped":0,"passed":0,"unknown":0,"total":13},"items":[{"uid":"f0be413433aa1360","reportUrl":"../61/index.html#testresult/f0be413433aa1360","status":"broken","statusDetails":"Could not start a new session. Response code 401. Message: Unauthorized, either Username or AccessKey is invalid. \nHost info: host: 'efe', ip: '127.0.1.1'\nBuild info: version: '4.8.3', revision: 'e5e76298c3'\nSystem info: os.name: 'Linux', os.arch: 'amd64', os.version: '5.19.0-41-generic', java.version: '11.0.18'\nDriver info: org.openqa.selenium.remote.RemoteWebDriver\nCommand: [null, newSession {capabilities=[Capabilities {LT:Options: {accessKey: null, build: Selenium 4, name: com.lambdatest.TestNGRelati..., platformName: Windows 10, seCdp: true, selenium_version: 4.0.0, tags: [Feature, Falcon, Severe], user: null}, browserName: Chrome, browserVersion: latest}], desiredCapabilities=Capabilities {LT:Options: {accessKey: null, build: Selenium 4, name: com.lambdatest.TestNGRelati..., platformName: Windows 10, seCdp: true, selenium_version: 4.0.0, tags: [Feature, Falcon, Severe], user: null}, browserName: Chrome, browserVersion: latest}}]\nCapabilities {LT:Options: {accessKey: null, build: Selenium 4, name: com.lambdatest.TestNGRelati..., platformName: Windows 10, seCdp: true, selenium_version: 4.0.0, tags: [Feature, Falcon, Severe], user: null}, browserName: Chrome, browserVersion: latest}","time":{"start":1683028622019,"stop":1683028622021,"duration":2}},{"uid":"bc3e39ae824ad0a","reportUrl":"../60/index.html#testresult/bc3e39ae824ad0a","status":"broken","statusDetails":"Could not start a new session. Response code 401. Message: Unauthorized, either Username or AccessKey is invalid. \nHost info: host: 'efe', ip: '127.0.1.1'\nBuild info: version: '4.8.3', revision: 'e5e76298c3'\nSystem info: os.name: 'Linux', os.arch: 'amd64', os.version: '5.19.0-41-generic', java.version: '11.0.18'\nDriver info: org.openqa.selenium.remote.RemoteWebDriver\nCommand: [null, newSession {capabilities=[Capabilities {LT:Options: {accessKey: null, build: Selenium 4, name: com.lambdatest.TestNGRelati..., platformName: Windows 10, seCdp: true, selenium_version: 4.0.0, tags: [Feature, Falcon, Severe], user: null}, browserName: Chrome, browserVersion: latest}], desiredCapabilities=Capabilities {LT:Options: {accessKey: null, build: Selenium 4, name: com.lambdatest.TestNGRelati..., platformName: Windows 10, seCdp: true, selenium_version: 4.0.0, tags: [Feature, Falcon, Severe], user: null}, browserName: Chrome, browserVersion: latest}}]\nCapabilities {LT:Options: {accessKey: null, build: Selenium 4, name: com.lambdatest.TestNGRelati..., platformName: Windows 10, seCdp: true, selenium_version: 4.0.0, tags: [Feature, Falcon, Severe], user: null}, browserName: Chrome, browserVersion: latest}","time":{"start":1683028622019,"stop":1683028622021,"duration":2}},{"uid":"90a9409b15fdb673","reportUrl":"../59/index.html#testresult/90a9409b15fdb673","status":"broken","statusDetails":"Could not start a new session. Response code 401. Message: Unauthorized, either Username or AccessKey is invalid. \nHost info: host: 'efe', ip: '127.0.1.1'\nBuild info: version: '4.8.3', revision: 'e5e76298c3'\nSystem info: os.name: 'Linux', os.arch: 'amd64', os.version: '5.19.0-41-generic', java.version: '11.0.18'\nDriver info: org.openqa.selenium.remote.RemoteWebDriver\nCommand: [null, newSession {capabilities=[Capabilities {LT:Options: {accessKey: null, build: Selenium 4, name: com.lambdatest.TestNGRelati..., platformName: Windows 10, seCdp: true, selenium_version: 4.0.0, tags: [Feature, Falcon, Severe], user: null}, browserName: Chrome, browserVersion: latest}], desiredCapabilities=Capabilities {LT:Options: {accessKey: null, build: Selenium 4, name: com.lambdatest.TestNGRelati..., platformName: Windows 10, seCdp: true, selenium_version: 4.0.0, tags: [Feature, Falcon, Severe], user: null}, browserName: Chrome, browserVersion: latest}}]\nCapabilities {LT:Options: {accessKey: null, build: Selenium 4, name: com.lambdatest.TestNGRelati..., platformName: Windows 10, seCdp: true, selenium_version: 4.0.0, tags: [Feature, Falcon, Severe], user: null}, browserName: Chrome, browserVersion: latest}","time":{"start":1683028622019,"stop":1683028622021,"duration":2}},{"uid":"6e485feee606f3d1","reportUrl":"../58/index.html#testresult/6e485feee606f3d1","status":"broken","statusDetails":"Could not start a new session. Response code 401. Message: Unauthorized, either Username or AccessKey is invalid. \nHost info: host: 'efe', ip: '127.0.1.1'\nBuild info: version: '4.8.3', revision: 'e5e76298c3'\nSystem info: os.name: 'Linux', os.arch: 'amd64', os.version: '5.19.0-41-generic', java.version: '11.0.18'\nDriver info: org.openqa.selenium.remote.RemoteWebDriver\nCommand: [null, newSession {capabilities=[Capabilities {LT:Options: {accessKey: null, build: Selenium 4, name: com.lambdatest.TestNGRelati..., platformName: Windows 10, seCdp: true, selenium_version: 4.0.0, tags: [Feature, Falcon, Severe], user: null}, browserName: Chrome, browserVersion: latest}], desiredCapabilities=Capabilities {LT:Options: {accessKey: null, build: Selenium 4, name: com.lambdatest.TestNGRelati..., platformName: Windows 10, seCdp: true, selenium_version: 4.0.0, tags: [Feature, Falcon, Severe], user: null}, browserName: Chrome, browserVersion: latest}}]\nCapabilities {LT:Options: {accessKey: null, build: Selenium 4, name: com.lambdatest.TestNGRelati..., platformName: Windows 10, seCdp: true, selenium_version: 4.0.0, tags: [Feature, Falcon, Severe], user: null}, browserName: Chrome, browserVersion: latest}","time":{"start":1683028622019,"stop":1683028622021,"duration":2}},{"uid":"c3c891b28ed07c8b","reportUrl":"../57/index.html#testresult/c3c891b28ed07c8b","status":"broken","statusDetails":"Could not start a new session. Response code 401. Message: Unauthorized, either Username or AccessKey is invalid. \nHost info: host: 'efe', ip: '127.0.1.1'\nBuild info: version: '4.8.3', revision: 'e5e76298c3'\nSystem info: os.name: 'Linux', os.arch: 'amd64', os.version: '5.19.0-41-generic', java.version: '11.0.18'\nDriver info: org.openqa.selenium.remote.RemoteWebDriver\nCommand: [null, newSession {capabilities=[Capabilities {LT:Options: {accessKey: null, build: Selenium 4, name: com.lambdatest.TestNGRelati..., platformName: Windows 10, seCdp: true, selenium_version: 4.0.0, tags: [Feature, Falcon, Severe], user: null}, browserName: Chrome, browserVersion: latest}], desiredCapabilities=Capabilities {LT:Options: {accessKey: null, build: Selenium 4, name: com.lambdatest.TestNGRelati..., platformName: Windows 10, seCdp: true, selenium_version: 4.0.0, tags: [Feature, Falcon, Severe], user: null}, browserName: Chrome, browserVersion: latest}}]\nCapabilities {LT:Options: {accessKey: null, build: Selenium 4, name: com.lambdatest.TestNGRelati..., platformName: Windows 10, seCdp: true, selenium_version: 4.0.0, tags: [Feature, Falcon, Severe], user: null}, browserName: Chrome, browserVersion: latest}","time":{"start":1683028622019,"stop":1683028622021,"duration":2}},{"uid":"57b0f53abcaaa0de","reportUrl":"../56/index.html#testresult/57b0f53abcaaa0de","status":"broken","statusDetails":"Could not start a new session. Response code 401. Message: Unauthorized, either Username or AccessKey is invalid. \nHost info: host: 'efe', ip: '127.0.1.1'\nBuild info: version: '4.8.3', revision: 'e5e76298c3'\nSystem info: os.name: 'Linux', os.arch: 'amd64', os.version: '5.19.0-41-generic', java.version: '11.0.18'\nDriver info: org.openqa.selenium.remote.RemoteWebDriver\nCommand: [null, newSession {capabilities=[Capabilities {LT:Options: {accessKey: null, build: Selenium 4, name: com.lambdatest.TestNGRelati..., platformName: Windows 10, seCdp: true, selenium_version: 4.0.0, tags: [Feature, Falcon, Severe], user: null}, browserName: Chrome, browserVersion: latest}], desiredCapabilities=Capabilities {LT:Options: {accessKey: null, build: Selenium 4, name: com.lambdatest.TestNGRelati..., platformName: Windows 10, seCdp: true, selenium_version: 4.0.0, tags: [Feature, Falcon, Severe], user: null}, browserName: Chrome, browserVersion: latest}}]\nCapabilities {LT:Options: {accessKey: null, build: Selenium 4, name: com.lambdatest.TestNGRelati..., platformName: Windows 10, seCdp: true, selenium_version: 4.0.0, tags: [Feature, Falcon, Severe], user: null}, browserName: Chrome, browserVersion: latest}","time":{"start":1683028622019,"stop":1683028622021,"duration":2}},{"uid":"9e4705392a9e2c8e","reportUrl":"../55/index.html#testresult/9e4705392a9e2c8e","status":"broken","statusDetails":"Could not start a new session. Response code 401. Message: Unauthorized, either Username or AccessKey is invalid. \nHost info: host: 'efe', ip: '127.0.1.1'\nBuild info: version: '4.8.3', revision: 'e5e76298c3'\nSystem info: os.name: 'Linux', os.arch: 'amd64', os.version: '5.19.0-41-generic', java.version: '11.0.18'\nDriver info: org.openqa.selenium.remote.RemoteWebDriver\nCommand: [null, newSession {capabilities=[Capabilities {LT:Options: {accessKey: null, build: Selenium 4, name: com.lambdatest.TestNGRelati..., platformName: Windows 10, seCdp: true, selenium_version: 4.0.0, tags: [Feature, Falcon, Severe], user: null}, browserName: Chrome, browserVersion: latest}], desiredCapabilities=Capabilities {LT:Options: {accessKey: null, build: Selenium 4, name: com.lambdatest.TestNGRelati..., platformName: Windows 10, seCdp: true, selenium_version: 4.0.0, tags: [Feature, Falcon, Severe], user: null}, browserName: Chrome, browserVersion: latest}}]\nCapabilities {LT:Options: {accessKey: null, build: Selenium 4, name: com.lambdatest.TestNGRelati..., platformName: Windows 10, seCdp: true, selenium_version: 4.0.0, tags: [Feature, Falcon, Severe], user: null}, browserName: Chrome, browserVersion: latest}","time":{"start":1683028622019,"stop":1683028622021,"duration":2}},{"uid":"55e263d17a0f4311","reportUrl":"../54/index.html#testresult/55e263d17a0f4311","status":"broken","statusDetails":"Could not start a new session. Response code 401. Message: Unauthorized, either Username or AccessKey is invalid. \nHost info: host: 'efe', ip: '127.0.1.1'\nBuild info: version: '4.8.3', revision: 'e5e76298c3'\nSystem info: os.name: 'Linux', os.arch: 'amd64', os.version: '5.19.0-41-generic', java.version: '11.0.18'\nDriver info: org.openqa.selenium.remote.RemoteWebDriver\nCommand: [null, newSession {capabilities=[Capabilities {LT:Options: {accessKey: null, build: Selenium 4, name: com.lambdatest.TestNGRelati..., platformName: Windows 10, seCdp: true, selenium_version: 4.0.0, tags: [Feature, Falcon, Severe], user: null}, browserName: Chrome, browserVersion: latest}], desiredCapabilities=Capabilities {LT:Options: {accessKey: null, build: Selenium 4, name: com.lambdatest.TestNGRelati..., platformName: Windows 10, seCdp: true, selenium_version: 4.0.0, tags: [Feature, Falcon, Severe], user: null}, browserName: Chrome, browserVersion: latest}}]\nCapabilities {LT:Options: {accessKey: null, build: Selenium 4, name: com.lambdatest.TestNGRelati..., platformName: Windows 10, seCdp: true, selenium_version: 4.0.0, tags: [Feature, Falcon, Severe], user: null}, browserName: Chrome, browserVersion: latest}","time":{"start":1683028622019,"stop":1683028622021,"duration":2}},{"uid":"58322cd7f895b67a","reportUrl":"../53/index.html#testresult/58322cd7f895b67a","status":"broken","statusDetails":"Could not start a new session. Response code 401. Message: Unauthorized, either Username or AccessKey is invalid. \nHost info: host: 'efe', ip: '127.0.1.1'\nBuild info: version: '4.8.3', revision: 'e5e76298c3'\nSystem info: os.name: 'Linux', os.arch: 'amd64', os.version: '5.19.0-41-generic', java.version: '11.0.18'\nDriver info: org.openqa.selenium.remote.RemoteWebDriver\nCommand: [null, newSession {capabilities=[Capabilities {LT:Options: {accessKey: null, build: Selenium 4, name: com.lambdatest.TestNGRelati..., platformName: Windows 10, seCdp: true, selenium_version: 4.0.0, tags: [Feature, Falcon, Severe], user: null}, browserName: Chrome, browserVersion: latest}], desiredCapabilities=Capabilities {LT:Options: {accessKey: null, build: Selenium 4, name: com.lambdatest.TestNGRelati..., platformName: Windows 10, seCdp: true, selenium_version: 4.0.0, tags: [Feature, Falcon, Severe], user: null}, browserName: Chrome, browserVersion: latest}}]\nCapabilities {LT:Options: {accessKey: null, build: Selenium 4, name: com.lambdatest.TestNGRelati..., platformName: Windows 10, seCdp: true, selenium_version: 4.0.0, tags: [Feature, Falcon, Severe], user: null}, browserName: Chrome, browserVersion: latest}","time":{"start":1683028622019,"stop":1683028622021,"duration":2}},{"uid":"61516d072f29770e","reportUrl":"../52/index.html#testresult/61516d072f29770e","status":"broken","statusDetails":"Could not start a new session. Response code 401. Message: Unauthorized, either Username or AccessKey is invalid. \nHost info: host: 'efe', ip: '127.0.1.1'\nBuild info: version: '4.8.3', revision: 'e5e76298c3'\nSystem info: os.name: 'Linux', os.arch: 'amd64', os.version: '5.19.0-41-generic', java.version: '11.0.18'\nDriver info: org.openqa.selenium.remote.RemoteWebDriver\nCommand: [null, newSession {capabilities=[Capabilities {LT:Options: {accessKey: null, build: Selenium 4, name: com.lambdatest.TestNGRelati..., platformName: Windows 10, seCdp: true, selenium_version: 4.0.0, tags: [Feature, Falcon, Severe], user: null}, browserName: Chrome, browserVersion: latest}], desiredCapabilities=Capabilities {LT:Options: {accessKey: null, build: Selenium 4, name: com.lambdatest.TestNGRelati..., platformName: Windows 10, seCdp: true, selenium_version: 4.0.0, tags: [Feature, Falcon, Severe], user: null}, browserName: Chrome, browserVersion: latest}}]\nCapabilities {LT:Options: {accessKey: null, build: Selenium 4, name: com.lambdatest.TestNGRelati..., platformName: Windows 10, seCdp: true, selenium_version: 4.0.0, tags: [Feature, Falcon, Severe], user: null}, browserName: Chrome, browserVersion: latest}","time":{"start":1683028622019,"stop":1683028622021,"duration":2}},{"uid":"71d67b83e8e9f9cf","reportUrl":"../51/index.html#testresult/71d67b83e8e9f9cf","status":"broken","statusDetails":"Could not start a new session. Response code 401. Message: Unauthorized, either Username or AccessKey is invalid. \nHost info: host: 'efe', ip: '127.0.1.1'\nBuild info: version: '4.8.3', revision: 'e5e76298c3'\nSystem info: os.name: 'Linux', os.arch: 'amd64', os.version: '5.19.0-41-generic', java.version: '11.0.18'\nDriver info: org.openqa.selenium.remote.RemoteWebDriver\nCommand: [null, newSession {capabilities=[Capabilities {LT:Options: {accessKey: null, build: Selenium 4, name: com.lambdatest.TestNGRelati..., platformName: Windows 10, seCdp: true, selenium_version: 4.0.0, tags: [Feature, Falcon, Severe], user: null}, browserName: Chrome, browserVersion: latest}], desiredCapabilities=Capabilities {LT:Options: {accessKey: null, build: Selenium 4, name: com.lambdatest.TestNGRelati..., platformName: Windows 10, seCdp: true, selenium_version: 4.0.0, tags: [Feature, Falcon, Severe], user: null}, browserName: Chrome, browserVersion: latest}}]\nCapabilities {LT:Options: {accessKey: null, build: Selenium 4, name: com.lambdatest.TestNGRelati..., platformName: Windows 10, seCdp: true, selenium_version: 4.0.0, tags: [Feature, Falcon, Severe], user: null}, browserName: Chrome, browserVersion: latest}","time":{"start":1683028622019,"stop":1683028622021,"duration":2}},{"uid":"90de04b05ee8ad19","reportUrl":"../50/index.html#testresult/90de04b05ee8ad19","status":"broken","statusDetails":"Could not start a new session. Response code 401. Message: Unauthorized, either Username or AccessKey is invalid. \nHost info: host: 'efe', ip: '127.0.1.1'\nBuild info: version: '4.8.3', revision: 'e5e76298c3'\nSystem info: os.name: 'Linux', os.arch: 'amd64', os.version: '5.19.0-41-generic', java.version: '11.0.18'\nDriver info: org.openqa.selenium.remote.RemoteWebDriver\nCommand: [null, newSession {capabilities=[Capabilities {LT:Options: {accessKey: null, build: Selenium 4, name: com.lambdatest.TestNGRelati..., platformName: Windows 10, seCdp: true, selenium_version: 4.0.0, tags: [Feature, Falcon, Severe], user: null}, browserName: Chrome, browserVersion: latest}], desiredCapabilities=Capabilities {LT:Options: {accessKey: null, build: Selenium 4, name: com.lambdatest.TestNGRelati..., platformName: Windows 10, seCdp: true, selenium_version: 4.0.0, tags: [Feature, Falcon, Severe], user: null}, browserName: Chrome, browserVersion: latest}}]\nCapabilities {LT:Options: {accessKey: null, build: Selenium 4, name: com.lambdatest.TestNGRelati..., platformName: Windows 10, seCdp: true, selenium_version: 4.0.0, tags: [Feature, Falcon, Severe], user: null}, browserName: Chrome, browserVersion: latest}","time":{"start":1683028622019,"stop":1683028622021,"duration":2}},{"uid":"911de70b78aeb00","reportUrl":"../49/index.html#testresult/911de70b78aeb00","status":"broken","statusDetails":"Could not start a new session. Response code 401. Message: Unauthorized, either Username or AccessKey is invalid. \nHost info: host: 'efe', ip: '127.0.1.1'\nBuild info: version: '4.8.3', revision: 'e5e76298c3'\nSystem info: os.name: 'Linux', os.arch: 'amd64', os.version: '5.19.0-41-generic', java.version: '11.0.18'\nDriver info: org.openqa.selenium.remote.RemoteWebDriver\nCommand: [null, newSession {capabilities=[Capabilities {LT:Options: {accessKey: null, build: Selenium 4, name: com.lambdatest.TestNGRelati..., platformName: Windows 10, seCdp: true, selenium_version: 4.0.0, tags: [Feature, Falcon, Severe], user: null}, browserName: Chrome, browserVersion: latest}], desiredCapabilities=Capabilities {LT:Options: {accessKey: null, build: Selenium 4, name: com.lambdatest.TestNGRelati..., platformName: Windows 10, seCdp: true, selenium_version: 4.0.0, tags: [Feature, Falcon, Severe], user: null}, browserName: Chrome, browserVersion: latest}}]\nCapabilities {LT:Options: {accessKey: null, build: Selenium 4, name: com.lambdatest.TestNGRelati..., platformName: Windows 10, seCdp: true, selenium_version: 4.0.0, tags: [Feature, Falcon, Severe], user: null}, browserName: Chrome, browserVersion: latest}","time":{"start":1683028622019,"stop":1683028622021,"duration":2}}]},"3ec43339750ff58aed60a6b76d7b2f8b":{"statistic":{"failed":0,"broken":2,"skipped":0,"passed":52,"unknown":0,"total":54},"items":[{"uid":"4226ca904c11489d","reportUrl":"../61/index.html#testresult/4226ca904c11489d","status":"passed","time":{"start":1683029480362,"stop":1683029482000,"duration":1638}},{"uid":"b9c6bf7763edcce8","reportUrl":"../60/index.html#testresult/b9c6bf7763edcce8","status":"passed","time":{"start":1683029480362,"stop":1683029482000,"duration":1638}},{"uid":"fbddaa477bf8b00d","reportUrl":"../59/index.html#testresult/fbddaa477bf8b00d","status":"passed","time":{"start":1683029117820,"stop":1683029119705,"duration":1885}},{"uid":"cdfad1949c22a873","reportUrl":"../58/index.html#testresult/cdfad1949c22a873","status":"passed","time":{"start":1683029117820,"stop":1683029119705,"duration":1885}},{"uid":"1b1513e6bd6eb8b5","reportUrl":"../57/index.html#testresult/1b1513e6bd6eb8b5","status":"passed","time":{"start":1683029117820,"stop":1683029119705,"duration":1885}},{"uid":"6d3c1e5f1efe6f92","reportUrl":"../56/index.html#testresult/6d3c1e5f1efe6f92","status":"passed","time":{"start":1683029117820,"stop":1683029119705,"duration":1885}},{"uid":"6dffc36fde3643e9","reportUrl":"../55/index.html#testresult/6dffc36fde3643e9","status":"passed","time":{"start":1683028791368,"stop":1683028793346,"duration":1978}},{"uid":"e591e0a0d8cb21c1","reportUrl":"../54/index.html#testresult/e591e0a0d8cb21c1","status":"passed","time":{"start":1683028791368,"stop":1683028793346,"duration":1978}},{"uid":"5952b8e2e3308c0c","reportUrl":"../53/index.html#testresult/5952b8e2e3308c0c","status":"passed","time":{"start":1683028791368,"stop":1683028793346,"duration":1978}},{"uid":"95fb6447493eaf9a","reportUrl":"../52/index.html#testresult/95fb6447493eaf9a","status":"passed","time":{"start":1683028791368,"stop":1683028793346,"duration":1978}},{"uid":"106e4c0827f5b9d7","reportUrl":"../51/index.html#testresult/106e4c0827f5b9d7","status":"passed","time":{"start":1683009248965,"stop":1683009250605,"duration":1640}},{"uid":"eca078df8d4ce3d3","reportUrl":"../50/index.html#testresult/eca078df8d4ce3d3","status":"passed","time":{"start":1683009248965,"stop":1683009250605,"duration":1640}},{"uid":"f8d1898b4eb56c54","reportUrl":"../49/index.html#testresult/f8d1898b4eb56c54","status":"passed","time":{"start":1683009248965,"stop":1683009250605,"duration":1640}},{"uid":"6635d39230ecdf4a","reportUrl":"../48/index.html#testresult/6635d39230ecdf4a","status":"passed","time":{"start":1683009248965,"stop":1683009250605,"duration":1640}},{"uid":"58c1cb74fb142b11","reportUrl":"../47/index.html#testresult/58c1cb74fb142b11","status":"passed","time":{"start":1683009248965,"stop":1683009250605,"duration":1640}},{"uid":"e5a5b5655a87cf8","reportUrl":"../46/index.html#testresult/e5a5b5655a87cf8","status":"passed","time":{"start":1682661405352,"stop":1682661407126,"duration":1774}},{"uid":"a4cf88b08103a749","reportUrl":"../45/index.html#testresult/a4cf88b08103a749","status":"passed","time":{"start":1682591134185,"stop":1682591136308,"duration":2123}},{"uid":"fa5174bc737b3ee1","reportUrl":"../44/index.html#testresult/fa5174bc737b3ee1","status":"passed","time":{"start":1682591134185,"stop":1682591136308,"duration":2123}},{"uid":"b194c47b5983d8e7","reportUrl":"../43/index.html#testresult/b194c47b5983d8e7","status":"passed","time":{"start":1682591134185,"stop":1682591136308,"duration":2123}},{"uid":"fd19ba7b73f57d9d","reportUrl":"../42/index.html#testresult/fd19ba7b73f57d9d","status":"passed","time":{"start":1682591134185,"stop":1682591136308,"duration":2123}}]},"6ac9b72df0dd7d9c3185d34b8cece2a8":{"statistic":{"failed":9,"broken":0,"skipped":0,"passed":0,"unknown":0,"total":9},"items":[{"uid":"136e4af95b9740a3","reportUrl":"../10/index.html#testresult/136e4af95b9740a3","status":"failed","statusDetails":"FAILURE ON PURPOSE","time":{"start":1582655013110,"stop":1582655013138,"duration":28}},{"uid":"6bfc42423ddcc526","reportUrl":"../9/index.html#testresult/6bfc42423ddcc526","status":"failed","statusDetails":"FAILURE ON PURPOSE","time":{"start":1582655013110,"stop":1582655013138,"duration":28}},{"uid":"34f75363026c7621","reportUrl":"../8/index.html#testresult/34f75363026c7621","status":"failed","statusDetails":"FAILURE ON PURPOSE","time":{"start":1582655013110,"stop":1582655013138,"duration":28}},{"uid":"829bc589022755bb","reportUrl":"../7/index.html#testresult/829bc589022755bb","status":"failed","statusDetails":"FAILURE ON PURPOSE","time":{"start":1582655013110,"stop":1582655013138,"duration":28}},{"uid":"cd6d68eebc7df1d","reportUrl":"../6/index.html#testresult/cd6d68eebc7df1d","status":"failed","statusDetails":"FAILURE ON PURPOSE","time":{"start":1582655013110,"stop":1582655013138,"duration":28}},{"uid":"6afc3de4e11c982b","reportUrl":"../5/index.html#testresult/6afc3de4e11c982b","status":"failed","statusDetails":"FAILURE ON PURPOSE","time":{"start":1582655013110,"stop":1582655013138,"duration":28}},{"uid":"83d884ff704f19e","reportUrl":"../4/index.html#testresult/83d884ff704f19e","status":"failed","statusDetails":"FAILURE ON PURPOSE","time":{"start":1582655013110,"stop":1582655013138,"duration":28}},{"uid":"a69c044f6db0bfd2","reportUrl":"../3/index.html#testresult/a69c044f6db0bfd2","status":"failed","statusDetails":"FAILURE ON PURPOSE","time":{"start":1582655013110,"stop":1582655013138,"duration":28}},{"uid":"28f825025a0d345a","reportUrl":"../2/index.html#testresult/28f825025a0d345a","status":"failed","statusDetails":"FAILURE ON PURPOSE","time":{"start":1582655013110,"stop":1582655013138,"duration":28}}]}}